SpaceShooter/Temp/gradleOut/build/outputs/logs/manifest-merger-debug-report.txt
-- Merging decision tree log ---
manifest
ADDED from src/main/AndroidManifest.xml:2:1-28:12
	package
		ADDED from src/main/AndroidManifest.xml:2:70-100
		INJECTED from src/main/AndroidManifest.xml
		INJECTED from src/main/AndroidManifest.xml
	android:versionName
		ADDED from src/main/AndroidManifest.xml:2:148-173
		INJECTED from src/main/AndroidManifest.xml
		INJECTED from src/main/AndroidManifest.xml
	xmlns:tools
		ADDED from src/main/AndroidManifest.xml:2:101-147
	android:versionCode
		ADDED from src/main/AndroidManifest.xml:2:174-197
		INJECTED from src/main/AndroidManifest.xml
		INJECTED from src/main/AndroidManifest.xml
	xmlns:android
		ADDED from src/main/AndroidManifest.xml:2:11-69
	android:installLocation
		ADDED from src/main/AndroidManifest.xml:2:198-238
supports-screens
ADDED from src/main/AndroidManifest.xml:3:3-163
	android:largeScreens
		ADDED from src/main/AndroidManifest.xml:3:78-105
	android:smallScreens
		ADDED from src/main/AndroidManifest.xml:3:21-48
	android:normalScreens
		ADDED from src/main/AndroidManifest.xml:3:49-77
	android:xlargeScreens
		ADDED from src/main/AndroidManifest.xml:3:106-134
	android:anyDensity
		ADDED from src/main/AndroidManifest.xml:3:135-160
application
ADDED from src/main/AndroidManifest.xml:4:3-17:17
	android:label
		ADDED from src/main/AndroidManifest.xml:4:92-124
	android:icon
		ADDED from src/main/AndroidManifest.xml:4:58-91
	android:banner
		ADDED from src/main/AndroidManifest.xml:4:147-184
	android:theme
		ADDED from src/main/AndroidManifest.xml:4:16-57
	android:isGame
		ADDED from src/main/AndroidManifest.xml:4:125-146
activity#com.unity3d.player.UnityPlayerActivity
ADDED from src/main/AndroidManifest.xml:5:5-12:16
	android:screenOrientation
		ADDED from src/main/AndroidManifest.xml:5:102-140
	android:label
		ADDED from src/main/AndroidManifest.xml:5:69-101
	android:launchMode
		ADDED from src/main/AndroidManifest.xml:5:141-172
	android:configChanges
		ADDED from src/main/AndroidManifest.xml:5:173-354
	android:name
		ADDED from src/main/AndroidManifest.xml:5:15-68
intent-filter#android.intent.action.MAIN+android.intent.category.LAUNCHER+android.intent.category.LEANBACK_LAUNCHER
ADDED from src/main/AndroidManifest.xml:6:7-10:23
action#android.intent.action.MAIN
ADDED from src/main/AndroidManifest.xml:7:9-61
	android:name
		ADDED from src/main/AndroidManifest.xml:7:17-58
category#android.intent.category.LAUNCHER
ADDED from src/main/AndroidManifest.xml:8:9-69
	android:name
		ADDED from src/main/AndroidManifest.xml:8:19-66
category#android.intent.category.LEANBACK_LAUNCHER
ADDED from src/main/AndroidManifest.xml:9:9-78
	android:name
		ADDED from src/main/AndroidManifest.xml:9:19-75
meta-data#unityplayer.UnityActivity
ADDED from src/main/AndroidManifest.xml:11:7-82
	android:value
		ADDED from src/main/AndroidManifest.xml:11:59-79
	android:name
		ADDED from src/main/AndroidManifest.xml:11:18-58
meta-data#unity.build-id
ADDED from src/main/AndroidManifest.xml:13:5-101
	android:value
		ADDED from src/main/AndroidManifest.xml:13:46-98
	android:name
		ADDED from src/main/AndroidManifest.xml:13:16-45
meta-data#unity.splash-mode
ADDED from src/main/AndroidManifest.xml:14:5-69
	android:value
		ADDED from src/main/AndroidManifest.xml:14:49-66
	android:name
		ADDED from src/main/AndroidManifest.xml:14:16-48
meta-data#unity.splash-enable
ADDED from src/main/AndroidManifest.xml:15:5-74
	android:value
		ADDED from src/main/AndroidManifest.xml:15:51-71
	android:name
		ADDED from src/main/AndroidManifest.xml:15:16-50
meta-data#android.max_aspect
ADDED from src/main/AndroidManifest.xml:16:5-72
	android:value
		ADDED from src/main/AndroidManifest.xml:16:50-69
	android:name
		ADDED from src/main/AndroidManifest.xml:16:16-49
uses-sdk
ADDED from src/main/AndroidManifest.xml:18:3-72
	android:targetSdkVersion
		ADDED from src/main/AndroidManifest.xml:18:40-69
		INJECTED from src/main/AndroidManifest.xml
		INJECTED from src/main/AndroidManifest.xml
	android:minSdkVersion
		ADDED from src/main/AndroidManifest.xml:18:13-39
uses-feature#0x00020000
ADDED from src/main/AndroidManifest.xml:19:3-52
	android:glEsVersion
		ADDED from src/main/AndroidManifest.xml:19:17-49
uses-feature#android.hardware.vulkan
ADDED from src/main/AndroidManifest.xml:20:3-83
	android:required
		ADDED from src/main/AndroidManifest.xml:20:56-80
	android:name
		ADDED from src/main/AndroidManifest.xml:20:17-55
uses-permission#android.permission.INTERNET
ADDED from src/main/AndroidManifest.xml:21:3-65
	android:name
		ADDED from src/main/AndroidManifest.xml:21:20-62
uses-permission#android.permission.WRITE_EXTERNAL_STORAGE
ADDED from src/main/AndroidManifest.xml:22:3-106
	android:maxSdkVersion
		ADDED from src/main/AndroidManifest.xml:22:77-103
	android:name
		ADDED from src/main/AndroidManifest.xml:22:20-76
uses-permission#android.permission.READ_EXTERNAL_STORAGE
ADDED from src/main/AndroidManifest.xml:23:3-105
	android:maxSdkVersion
		ADDED from src/main/AndroidManifest.xml:23:76-102
	android:name
		ADDED from src/main/AndroidManifest.xml:23:20-75
uses-feature#android.hardware.sensor.accelerometer
ADDED from src/main/AndroidManifest.xml:24:3-97
	android:required
		ADDED from src/main/AndroidManifest.xml:24:70-94
	android:name
		ADDED from src/main/AndroidManifest.xml:24:17-69
uses-feature#android.hardware.touchscreen
ADDED from src/main/AndroidManifest.xml:25:3-88
	android:required
		ADDED from src/main/AndroidManifest.xml:25:61-85
	android:name
		ADDED from src/main/AndroidManifest.xml:25:17-60
uses-feature#android.hardware.touchscreen.multitouch
ADDED from src/main/AndroidManifest.xml:26:3-99
	android:required
		ADDED from src/main/AndroidManifest.xml:26:72-96
	android:name
		ADDED from src/main/AndroidManifest.xml:26:17-71
uses-feature#android.hardware.touchscreen.multitouch.distinct
ADDED from src/main/AndroidManifest.xml:27:3-108
	android:required
		ADDED from src/main/AndroidManifest.xml:27:81-105
	android:name
		ADDED from src/main/AndroidManifest.xml:27:17-80